[ 2020-05-26T16:22:32+08:00 ] 27.115.6.196 /WebPiano/admin.php?c=login&a=checklogin
ERR: Too few arguments to function returnjson(), 2 passed in /home/wwwroot/default/WebPiano/Application/Admin/Controller/LoginController.class.php on line 30 and exactly 3 expected

[ 2020-05-26T16:22:33+08:00 ] 27.115.6.196 /WebPiano/admin.php?c=login&a=checklogin
ERR: Too few arguments to function returnjson(), 2 passed in /home/wwwroot/default/WebPiano/Application/Admin/Controller/LoginController.class.php on line 30 and exactly 3 expected

[ 2020-05-26T16:22:33+08:00 ] 27.115.6.196 /WebPiano/admin.php?c=login&a=checklogin
ERR: Too few arguments to function returnjson(), 2 passed in /home/wwwroot/default/WebPiano/Application/Admin/Controller/LoginController.class.php on line 30 and exactly 3 expected

[ 2020-05-26T16:22:34+08:00 ] 27.115.6.196 /WebPiano/admin.php?c=login&a=checklogin
ERR: Too few arguments to function returnjson(), 2 passed in /home/wwwroot/default/WebPiano/Application/Admin/Controller/LoginController.class.php on line 30 and exactly 3 expected

[ 2020-05-26T16:22:34+08:00 ] 27.115.6.196 /WebPiano/admin.php?c=login&a=checklogin
ERR: Too few arguments to function returnjson(), 2 passed in /home/wwwroot/default/WebPiano/Application/Admin/Controller/LoginController.class.php on line 30 and exactly 3 expected

[ 2020-05-26T16:22:38+08:00 ] 27.115.6.196 /WebPiano/admin.php?c=login&a=checklogin
ERR: Too few arguments to function returnjson(), 2 passed in /home/wwwroot/default/WebPiano/Application/Admin/Controller/LoginController.class.php on line 30 and exactly 3 expected

[ 2020-05-26T16:25:37+08:00 ] 27.115.6.196 /WebPiano/admin.php?c=login&a=checklogin
ERR: Too few arguments to function returnjson(), 2 passed in /home/wwwroot/default/WebPiano/Application/Admin/Controller/LoginController.class.php on line 30 and exactly 3 expected

[ 2020-05-26T16:25:48+08:00 ] 27.115.6.196 /WebPiano/admin.php?c=login&a=checklogin
ERR: Too few arguments to function returnjson(), 2 passed in /home/wwwroot/default/WebPiano/Application/Admin/Controller/LoginController.class.php on line 30 and exactly 3 expected

[ 2020-05-26T17:06:09+08:00 ] 27.115.6.196 /WebPiano/admin.php?c=index&a=main
ERR: Too few arguments to function Common\Model\NewsModel::getNewsCount(), 0 passed in /home/wwwroot/default/WebPiano/Application/Admin/Controller/IndexController.class.php on line 10 and exactly 1 expected

[ 2020-05-26T17:06:38+08:00 ] 27.115.6.196 /WebPiano/admin.php?c=user&a=add&id=15
ERR: 1062:Duplicate entry '' for key 'email'
 [ SQL语句 ] : UPDATE `wp_user` SET `username`='1907741096',`password`='92020808cb31d0335ba7029677aeb5c9',`name`='墨墨桑',`email`='',`status`='1' WHERE ( user_id=15 )
ERR: 1062:Duplicate entry '' for key 'email'
 [ SQL语句 ] : UPDATE `wp_user` SET `username`='1907741096',`password`='92020808cb31d0335ba7029677aeb5c9',`name`='墨墨桑',`email`='',`status`='1' WHERE ( user_id=15 )

[ 2020-05-26T17:06:44+08:00 ] 27.115.6.196 /WebPiano/admin.php?c=user&a=add&id=15
ERR: 1062:Duplicate entry '' for key 'email'
 [ SQL语句 ] : UPDATE `wp_user` SET `username`='1907741096',`password`='92020808cb31d0335ba7029677aeb5c9',`name`='墨墨桑',`email`='',`status`='1' WHERE ( user_id=15 )
ERR: 1062:Duplicate entry '' for key 'email'
 [ SQL语句 ] : UPDATE `wp_user` SET `username`='1907741096',`password`='92020808cb31d0335ba7029677aeb5c9',`name`='墨墨桑',`email`='',`status`='1' WHERE ( user_id=15 )

[ 2020-05-26T17:08:25+08:00 ] 27.115.6.196 /WebPiano/admin.php?c=user&a=add&id=15
ERR: 1062:Duplicate entry '' for key 'email'
 [ SQL语句 ] : UPDATE `wp_user` SET `username`='1907741096',`password`='92020808cb31d0335ba7029677aeb5c9',`name`='墨墨桑',`email`='',`status`='1' WHERE ( user_id=15 )
ERR: 1062:Duplicate entry '' for key 'email'
 [ SQL语句 ] : UPDATE `wp_user` SET `username`='1907741096',`password`='92020808cb31d0335ba7029677aeb5c9',`name`='墨墨桑',`email`='',`status`='1' WHERE ( user_id=15 )

[ 2020-05-26T17:10:13+08:00 ] 27.115.6.196 /WebPiano/admin.php?c=index&a=main
ERR: Too few arguments to function Common\Model\NewsModel::getNewsCount(), 0 passed in /home/wwwroot/default/WebPiano/Application/Admin/Controller/IndexController.class.php on line 10 and exactly 1 expected

[ 2020-05-26T17:10:13+08:00 ] 27.115.6.196 /WebPiano/admin.php?c=index&a=main
ERR: Too few arguments to function Common\Model\NewsModel::getNewsCount(), 0 passed in /home/wwwroot/default/WebPiano/Application/Admin/Controller/IndexController.class.php on line 10 and exactly 1 expected

[ 2020-05-26T17:10:21+08:00 ] 27.115.6.196 /WebPiano/admin.php?c=index&a=main
ERR: Too few arguments to function Common\Model\NewsModel::getNewsCount(), 0 passed in /home/wwwroot/default/WebPiano/Application/Admin/Controller/IndexController.class.php on line 10 and exactly 1 expected

[ 2020-05-26T17:10:26+08:00 ] 27.115.6.196 /WebPiano/admin.php?c=Index&a=main
ERR: Too few arguments to function Common\Model\NewsModel::getNewsCount(), 0 passed in /home/wwwroot/default/WebPiano/Application/Admin/Controller/IndexController.class.php on line 10 and exactly 1 expected

[ 2020-05-26T17:10:32+08:00 ] 27.115.6.196 /WebPiano/admin.php?c=Index&a=Main
ERR: Too few arguments to function Common\Model\NewsModel::getNewsCount(), 0 passed in /home/wwwroot/default/WebPiano/Application/Admin/Controller/IndexController.class.php on line 10 and exactly 1 expected

[ 2020-05-26T17:10:35+08:00 ] 27.115.6.196 /WebPiano/admin.php?c=Index&a=Main
ERR: Too few arguments to function Common\Model\NewsModel::getNewsCount(), 0 passed in /home/wwwroot/default/WebPiano/Application/Admin/Controller/IndexController.class.php on line 10 and exactly 1 expected

[ 2020-05-26T17:12:00+08:00 ] 27.115.6.196 /WebPiano/admin.php?c=index&a=main
ERR: Too few arguments to function Common\Model\NewsModel::getNewsCount(), 0 passed in /home/wwwroot/default/WebPiano/Application/Admin/Controller/IndexController.class.php on line 10 and exactly 1 expected

[ 2020-05-26T17:13:29+08:00 ] 27.115.6.196 /WebPiano/admin.php
INFO: [ app_init ] --START--
INFO: Run Behavior\BuildLiteBehavior [ RunTime:0.000008s ]
INFO: [ app_init ] --END-- [ RunTime:0.000182s ]
INFO: [ app_begin ] --START--
INFO: Run Behavior\ReadHtmlCacheBehavior [ RunTime:0.000266s ]
INFO: [ app_begin ] --END-- [ RunTime:0.000284s ]
NOTIC: [2] Declaration of Admin\Controller\IndexController::error() should be compatible with Think\Controller::error($message = '', $jumpUrl = '', $ajax = false) /home/wwwroot/default/WebPiano/Application/Admin/Controller/IndexController.class.php 第 4 行.
ERR: 模板不存在:./Application/Admin/View/Index/Index.html

[ 2020-05-26T17:31:57+08:00 ] 27.115.6.196 /WebPiano/admin.php
INFO: [ app_init ] --START--
INFO: Run Behavior\BuildLiteBehavior [ RunTime:0.000012s ]
INFO: [ app_init ] --END-- [ RunTime:0.000279s ]
INFO: [ app_begin ] --START--
INFO: Run Behavior\ReadHtmlCacheBehavior [ RunTime:0.000467s ]
INFO: [ app_begin ] --END-- [ RunTime:0.000488s ]
NOTIC: [2] Declaration of Admin\Controller\IndexController::error() should be compatible with Think\Controller::error($message = '', $jumpUrl = '', $ajax = false) /home/wwwroot/default/WebPiano/Application/Admin/Controller/IndexController.class.php 第 4 行.
INFO: [ view_parse ] --START--
INFO: [ template_filter ] --START--
INFO: Run Behavior\ContentReplaceBehavior [ RunTime:0.000030s ]
INFO: [ template_filter ] --END-- [ RunTime:0.000059s ]
INFO: Run Behavior\ParseTemplateBehavior [ RunTime:0.003672s ]
INFO: [ view_parse ] --END-- [ RunTime:0.003692s ]
INFO: [ view_filter ] --START--
INFO: Run Behavior\WriteHtmlCacheBehavior [ RunTime:0.000160s ]
INFO: [ view_filter ] --END-- [ RunTime:0.000171s ]
INFO: [ app_end ] --START--
INFO: Run Behavior\ShowPageTraceBehavior [ RunTime:0.000446s ]
INFO: [ app_end ] --END-- [ RunTime:0.000463s ]

[ 2020-05-26T17:31:57+08:00 ] 27.115.6.196 /WebPiano/admin.php?c=index&a=main
INFO: [ app_init ] --START--
INFO: Run Behavior\BuildLiteBehavior [ RunTime:0.000008s ]
INFO: [ app_init ] --END-- [ RunTime:0.000174s ]
INFO: [ app_begin ] --START--
INFO: Run Behavior\ReadHtmlCacheBehavior [ RunTime:0.000275s ]
INFO: [ app_begin ] --END-- [ RunTime:0.000292s ]
NOTIC: [2] Declaration of Admin\Controller\IndexController::error() should be compatible with Think\Controller::error($message = '', $jumpUrl = '', $ajax = false) /home/wwwroot/default/WebPiano/Application/Admin/Controller/IndexController.class.php 第 4 行.
SQL: SHOW COLUMNS FROM `wp_user` [ RunTime:0.0005s ]
SQL: SELECT COUNT(*) AS tp_count FROM `wp_user` LIMIT 1   [ RunTime:0.0001s ]
SQL: SHOW COLUMNS FROM `wp_news` [ RunTime:0.0004s ]
ERR: Too few arguments to function Common\Model\NewsModel::getNewsCount(), 0 passed in /home/wwwroot/default/WebPiano/Application/Admin/Controller/IndexController.class.php on line 10 and exactly 1 expected

[ 2020-05-26T17:33:22+08:00 ] 27.115.6.196 /WebPiano/admin.php
INFO: [ app_init ] --START--
INFO: Run Behavior\BuildLiteBehavior [ RunTime:0.000010s ]
INFO: [ app_init ] --END-- [ RunTime:0.000280s ]
INFO: [ app_begin ] --START--
INFO: Run Behavior\ReadHtmlCacheBehavior [ RunTime:0.000275s ]
INFO: [ app_begin ] --END-- [ RunTime:0.000295s ]
NOTIC: [2] Declaration of Admin\Controller\IndexController::error() should be compatible with Think\Controller::error($message = '', $jumpUrl = '', $ajax = false) /home/wwwroot/default/WebPiano/Application/Admin/Controller/IndexController.class.php 第 4 行.
INFO: [ view_parse ] --START--
INFO: [ template_filter ] --START--
INFO: Run Behavior\ContentReplaceBehavior [ RunTime:0.000025s ]
INFO: [ template_filter ] --END-- [ RunTime:0.000041s ]
INFO: Run Behavior\ParseTemplateBehavior [ RunTime:0.002617s ]
INFO: [ view_parse ] --END-- [ RunTime:0.002634s ]
INFO: [ view_filter ] --START--
INFO: Run Behavior\WriteHtmlCacheBehavior [ RunTime:0.000107s ]
INFO: [ view_filter ] --END-- [ RunTime:0.000114s ]
INFO: [ app_end ] --START--
INFO: Run Behavior\ShowPageTraceBehavior [ RunTime:0.000261s ]
INFO: [ app_end ] --END-- [ RunTime:0.000271s ]

[ 2020-05-26T17:33:22+08:00 ] 27.115.6.196 /WebPiano/admin.php?c=index&a=main
INFO: [ app_init ] --START--
INFO: Run Behavior\BuildLiteBehavior [ RunTime:0.000010s ]
INFO: [ app_init ] --END-- [ RunTime:0.000217s ]
INFO: [ app_begin ] --START--
INFO: Run Behavior\ReadHtmlCacheBehavior [ RunTime:0.000434s ]
INFO: [ app_begin ] --END-- [ RunTime:0.000461s ]
NOTIC: [2] Declaration of Admin\Controller\IndexController::error() should be compatible with Think\Controller::error($message = '', $jumpUrl = '', $ajax = false) /home/wwwroot/default/WebPiano/Application/Admin/Controller/IndexController.class.php 第 4 行.
SQL: SHOW COLUMNS FROM `wp_user` [ RunTime:0.0005s ]
SQL: SELECT COUNT(*) AS tp_count FROM `wp_user` LIMIT 1   [ RunTime:0.0002s ]
SQL: SHOW COLUMNS FROM `wp_news` [ RunTime:0.0015s ]
SQL: SELECT COUNT(*) AS tp_count FROM `wp_news` WHERE `status` <> -1 LIMIT 1   [ RunTime:0.0003s ]
SQL: SHOW COLUMNS FROM `wp_opern` [ RunTime:0.0005s ]
ERR: Too few arguments to function Common\Model\OpernModel::getOpernCount(), 0 passed in /home/wwwroot/default/WebPiano/Application/Admin/Controller/IndexController.class.php on line 11 and exactly 1 expected

[ 2020-05-26T17:33:23+08:00 ] 27.115.6.196 /WebPiano/admin.php
INFO: [ app_init ] --START--
INFO: Run Behavior\BuildLiteBehavior [ RunTime:0.000009s ]
INFO: [ app_init ] --END-- [ RunTime:0.000192s ]
INFO: [ app_begin ] --START--
INFO: Run Behavior\ReadHtmlCacheBehavior [ RunTime:0.000259s ]
INFO: [ app_begin ] --END-- [ RunTime:0.000277s ]
NOTIC: [2] Declaration of Admin\Controller\IndexController::error() should be compatible with Think\Controller::error($message = '', $jumpUrl = '', $ajax = false) /home/wwwroot/default/WebPiano/Application/Admin/Controller/IndexController.class.php 第 4 行.
INFO: [ view_parse ] --START--
INFO: [ template_filter ] --START--
INFO: Run Behavior\ContentReplaceBehavior [ RunTime:0.000022s ]
INFO: [ template_filter ] --END-- [ RunTime:0.000042s ]
INFO: Run Behavior\ParseTemplateBehavior [ RunTime:0.002670s ]
INFO: [ view_parse ] --END-- [ RunTime:0.002685s ]
INFO: [ view_filter ] --START--
INFO: Run Behavior\WriteHtmlCacheBehavior [ RunTime:0.000154s ]
INFO: [ view_filter ] --END-- [ RunTime:0.000165s ]
INFO: [ app_end ] --START--
INFO: Run Behavior\ShowPageTraceBehavior [ RunTime:0.000281s ]
INFO: [ app_end ] --END-- [ RunTime:0.000291s ]

[ 2020-05-26T17:33:23+08:00 ] 27.115.6.196 /WebPiano/admin.php?c=index&a=main
INFO: [ app_init ] --START--
INFO: Run Behavior\BuildLiteBehavior [ RunTime:0.000009s ]
INFO: [ app_init ] --END-- [ RunTime:0.000203s ]
INFO: [ app_begin ] --START--
INFO: Run Behavior\ReadHtmlCacheBehavior [ RunTime:0.000249s ]
INFO: [ app_begin ] --END-- [ RunTime:0.000267s ]
NOTIC: [2] Declaration of Admin\Controller\IndexController::error() should be compatible with Think\Controller::error($message = '', $jumpUrl = '', $ajax = false) /home/wwwroot/default/WebPiano/Application/Admin/Controller/IndexController.class.php 第 4 行.
SQL: SHOW COLUMNS FROM `wp_user` [ RunTime:0.0006s ]
SQL: SELECT COUNT(*) AS tp_count FROM `wp_user` LIMIT 1   [ RunTime:0.0002s ]
SQL: SHOW COLUMNS FROM `wp_news` [ RunTime:0.0004s ]
SQL: SELECT COUNT(*) AS tp_count FROM `wp_news` WHERE `status` <> -1 LIMIT 1   [ RunTime:0.0003s ]
SQL: SHOW COLUMNS FROM `wp_opern` [ RunTime:0.0008s ]
ERR: Too few arguments to function Common\Model\OpernModel::getOpernCount(), 0 passed in /home/wwwroot/default/WebPiano/Application/Admin/Controller/IndexController.class.php on line 11 and exactly 1 expected

[ 2020-05-26T17:34:12+08:00 ] 27.115.6.196 /WebPiano/admin.php
INFO: [ app_init ] --START--
INFO: Run Behavior\BuildLiteBehavior [ RunTime:0.000011s ]
INFO: [ app_init ] --END-- [ RunTime:0.000240s ]
INFO: [ app_begin ] --START--
INFO: Run Behavior\ReadHtmlCacheBehavior [ RunTime:0.000325s ]
INFO: [ app_begin ] --END-- [ RunTime:0.000346s ]
NOTIC: [2] Declaration of Admin\Controller\IndexController::error() should be compatible with Think\Controller::error($message = '', $jumpUrl = '', $ajax = false) /home/wwwroot/default/WebPiano/Application/Admin/Controller/IndexController.class.php 第 4 行.
INFO: [ view_parse ] --START--
INFO: [ template_filter ] --START--
INFO: Run Behavior\ContentReplaceBehavior [ RunTime:0.000027s ]
INFO: [ template_filter ] --END-- [ RunTime:0.000056s ]
INFO: Run Behavior\ParseTemplateBehavior [ RunTime:0.002931s ]
INFO: [ view_parse ] --END-- [ RunTime:0.002964s ]
INFO: [ view_filter ] --START--
INFO: Run Behavior\WriteHtmlCacheBehavior [ RunTime:0.000152s ]
INFO: [ view_filter ] --END-- [ RunTime:0.000164s ]
INFO: [ app_end ] --START--
INFO: Run Behavior\ShowPageTraceBehavior [ RunTime:0.000358s ]
INFO: [ app_end ] --END-- [ RunTime:0.000374s ]

[ 2020-05-26T17:34:12+08:00 ] 27.115.6.196 /WebPiano/admin.php?c=index&a=main
INFO: [ app_init ] --START--
INFO: Run Behavior\BuildLiteBehavior [ RunTime:0.000008s ]
INFO: [ app_init ] --END-- [ RunTime:0.000178s ]
INFO: [ app_begin ] --START--
INFO: Run Behavior\ReadHtmlCacheBehavior [ RunTime:0.000259s ]
INFO: [ app_begin ] --END-- [ RunTime:0.000272s ]
NOTIC: [2] Declaration of Admin\Controller\IndexController::error() should be compatible with Think\Controller::error($message = '', $jumpUrl = '', $ajax = false) /home/wwwroot/default/WebPiano/Application/Admin/Controller/IndexController.class.php 第 4 行.
SQL: SHOW COLUMNS FROM `wp_user` [ RunTime:0.0005s ]
SQL: SELECT COUNT(*) AS tp_count FROM `wp_user` LIMIT 1   [ RunTime:0.0002s ]
SQL: SHOW COLUMNS FROM `wp_news` [ RunTime:0.0005s ]
SQL: SELECT COUNT(*) AS tp_count FROM `wp_news` WHERE `status` <> -1 LIMIT 1   [ RunTime:0.0003s ]
SQL: SHOW COLUMNS FROM `wp_opern` [ RunTime:0.0003s ]
SQL: SELECT COUNT(*) AS tp_count FROM `wp_opern` WHERE `status` <> -1 LIMIT 1   [ RunTime:0.0002s ]
SQL: SHOW COLUMNS FROM `wp_music` [ RunTime:0.0012s ]
SQL: SELECT COUNT(*) AS tp_count FROM `wp_music` WHERE `status` <> -1 LIMIT 1   [ RunTime:0.0004s ]
INFO: [ view_parse ] --START--
INFO: [ template_filter ] --START--
INFO: Run Behavior\ContentReplaceBehavior [ RunTime:0.000022s ]
INFO: [ template_filter ] --END-- [ RunTime:0.000044s ]
INFO: Run Behavior\ParseTemplateBehavior [ RunTime:0.004097s ]
INFO: [ view_parse ] --END-- [ RunTime:0.004114s ]
INFO: [ view_filter ] --START--
INFO: Run Behavior\WriteHtmlCacheBehavior [ RunTime:0.000153s ]
INFO: [ view_filter ] --END-- [ RunTime:0.000165s ]
INFO: [ app_end ] --START--
INFO: Run Behavior\ShowPageTraceBehavior [ RunTime:0.000398s ]
INFO: [ app_end ] --END-- [ RunTime:0.000413s ]

[ 2020-05-26T17:34:16+08:00 ] 27.115.6.196 /WebPiano/admin.php
INFO: [ app_init ] --START--
INFO: Run Behavior\BuildLiteBehavior [ RunTime:0.000008s ]
INFO: [ app_init ] --END-- [ RunTime:0.000201s ]
INFO: [ app_begin ] --START--
INFO: Run Behavior\ReadHtmlCacheBehavior [ RunTime:0.000259s ]
INFO: [ app_begin ] --END-- [ RunTime:0.000275s ]
NOTIC: [2] Declaration of Admin\Controller\IndexController::error() should be compatible with Think\Controller::error($message = '', $jumpUrl = '', $ajax = false) /home/wwwroot/default/WebPiano/Application/Admin/Controller/IndexController.class.php 第 4 行.
INFO: [ view_parse ] --START--
INFO: [ template_filter ] --START--
INFO: Run Behavior\ContentReplaceBehavior [ RunTime:0.000022s ]
INFO: [ template_filter ] --END-- [ RunTime:0.000043s ]
INFO: Run Behavior\ParseTemplateBehavior [ RunTime:0.003031s ]
INFO: [ view_parse ] --END-- [ RunTime:0.003049s ]
INFO: [ view_filter ] --START--
INFO: Run Behavior\WriteHtmlCacheBehavior [ RunTime:0.000108s ]
INFO: [ view_filter ] --END-- [ RunTime:0.000116s ]
INFO: [ app_end ] --START--
INFO: Run Behavior\ShowPageTraceBehavior [ RunTime:0.000365s ]
INFO: [ app_end ] --END-- [ RunTime:0.000379s ]

[ 2020-05-26T17:34:16+08:00 ] 27.115.6.196 /WebPiano/admin.php?c=index&a=main
INFO: [ app_init ] --START--
INFO: Run Behavior\BuildLiteBehavior [ RunTime:0.000008s ]
INFO: [ app_init ] --END-- [ RunTime:0.000173s ]
INFO: [ app_begin ] --START--
INFO: Run Behavior\ReadHtmlCacheBehavior [ RunTime:0.000253s ]
INFO: [ app_begin ] --END-- [ RunTime:0.000268s ]
NOTIC: [2] Declaration of Admin\Controller\IndexController::error() should be compatible with Think\Controller::error($message = '', $jumpUrl = '', $ajax = false) /home/wwwroot/default/WebPiano/Application/Admin/Controller/IndexController.class.php 第 4 行.
SQL: SHOW COLUMNS FROM `wp_user` [ RunTime:0.0006s ]
SQL: SELECT COUNT(*) AS tp_count FROM `wp_user` LIMIT 1   [ RunTime:0.0002s ]
SQL: SHOW COLUMNS FROM `wp_news` [ RunTime:0.0004s ]
SQL: SELECT COUNT(*) AS tp_count FROM `wp_news` WHERE `status` <> -1 LIMIT 1   [ RunTime:0.0003s ]
SQL: SHOW COLUMNS FROM `wp_opern` [ RunTime:0.0027s ]
SQL: SELECT COUNT(*) AS tp_count FROM `wp_opern` WHERE `status` <> -1 LIMIT 1   [ RunTime:0.0003s ]
SQL: SHOW COLUMNS FROM `wp_music` [ RunTime:0.0005s ]
SQL: SELECT COUNT(*) AS tp_count FROM `wp_music` WHERE `status` <> -1 LIMIT 1   [ RunTime:0.0003s ]
INFO: [ view_parse ] --START--
INFO: [ template_filter ] --START--
INFO: Run Behavior\ContentReplaceBehavior [ RunTime:0.000026s ]
INFO: [ template_filter ] --END-- [ RunTime:0.000053s ]
INFO: Run Behavior\ParseTemplateBehavior [ RunTime:0.003709s ]
INFO: [ view_parse ] --END-- [ RunTime:0.003731s ]
INFO: [ view_filter ] --START--
INFO: Run Behavior\WriteHtmlCacheBehavior [ RunTime:0.000134s ]
INFO: [ view_filter ] --END-- [ RunTime:0.000144s ]
INFO: [ app_end ] --START--
INFO: Run Behavior\ShowPageTraceBehavior [ RunTime:0.000398s ]
INFO: [ app_end ] --END-- [ RunTime:0.000416s ]

[ 2020-05-26T17:34:17+08:00 ] 27.115.6.196 /WebPiano/admin.php?c=user
INFO: [ app_init ] --START--
INFO: Run Behavior\BuildLiteBehavior [ RunTime:0.000009s ]
INFO: [ app_init ] --END-- [ RunTime:0.000202s ]
INFO: [ app_begin ] --START--
INFO: Run Behavior\ReadHtmlCacheBehavior [ RunTime:0.000343s ]
INFO: [ app_begin ] --END-- [ RunTime:0.000366s ]
NOTIC: [8] Undefined index: p /home/wwwroot/default/WebPiano/Application/Admin/Controller/UserController.class.php 第 15 行.
NOTIC: [8] Undefined index: pageSize /home/wwwroot/default/WebPiano/Application/Admin/Controller/UserController.class.php 第 16 行.
SQL: SHOW COLUMNS FROM `wp_user` [ RunTime:0.0008s ]
SQL: SELECT * FROM `wp_user` WHERE `status` <> -1 ORDER BY user_id desc LIMIT 0,10   [ RunTime:0.0005s ]
SQL: SELECT COUNT(*) AS tp_count FROM `wp_user` WHERE `status` <> -1 LIMIT 1   [ RunTime:0.0008s ]
INFO: [ view_parse ] --START--
INFO: [ template_filter ] --START--
INFO: Run Behavior\ContentReplaceBehavior [ RunTime:0.000038s ]
INFO: [ template_filter ] --END-- [ RunTime:0.000075s ]
NOTIC: [8] Undefined variable: username /home/wwwroot/default/WebPiano/Application/Runtime/Cache/Admin/65e605872ed5d34210f5b33beb13f5a3.php 第 20 行.
INFO: Run Behavior\ParseTemplateBehavior [ RunTime:0.005417s ]
INFO: [ view_parse ] --END-- [ RunTime:0.005472s ]
INFO: [ view_filter ] --START--
INFO: Run Behavior\WriteHtmlCacheBehavior [ RunTime:0.000204s ]
INFO: [ view_filter ] --END-- [ RunTime:0.000223s ]
INFO: [ app_end ] --START--
INFO: Run Behavior\ShowPageTraceBehavior [ RunTime:0.000568s ]
INFO: [ app_end ] --END-- [ RunTime:0.000592s ]

[ 2020-05-26T17:34:18+08:00 ] 27.115.6.196 /WebPiano/admin.php?c=user&a=add
INFO: [ app_init ] --START--
INFO: Run Behavior\BuildLiteBehavior [ RunTime:0.000009s ]
INFO: [ app_init ] --END-- [ RunTime:0.000191s ]
INFO: [ app_begin ] --START--
INFO: Run Behavior\ReadHtmlCacheBehavior [ RunTime:0.000287s ]
INFO: [ app_begin ] --END-- [ RunTime:0.000302s ]
NOTIC: [8] Undefined index: id /home/wwwroot/default/WebPiano/Application/Admin/Controller/UserController.class.php 第 64 行.
INFO: [ view_parse ] --START--
INFO: [ template_filter ] --START--
INFO: Run Behavior\ContentReplaceBehavior [ RunTime:0.000119s ]
INFO: [ template_filter ] --END-- [ RunTime:0.000142s ]
NOTIC: [8] Undefined variable: userbyid /home/wwwroot/default/WebPiano/Application/Runtime/Cache/Admin/4e1f0ee1a12a8dbb63343fe9e6a3f60d.php 第 19 行.
NOTIC: [8] Undefined variable: userbyid /home/wwwroot/default/WebPiano/Application/Runtime/Cache/Admin/4e1f0ee1a12a8dbb63343fe9e6a3f60d.php 第 22 行.
NOTIC: [8] Undefined variable: userbyid /home/wwwroot/default/WebPiano/Application/Runtime/Cache/Admin/4e1f0ee1a12a8dbb63343fe9e6a3f60d.php 第 23 行.
NOTIC: [8] Undefined variable: userbyid /home/wwwroot/default/WebPiano/Application/Runtime/Cache/Admin/4e1f0ee1a12a8dbb63343fe9e6a3f60d.php 第 25 行.
NOTIC: [8] Undefined variable: userbyid /home/wwwroot/default/WebPiano/Application/Runtime/Cache/Admin/4e1f0ee1a12a8dbb63343fe9e6a3f60d.php 第 26 行.
NOTIC: [8] Undefined variable: userbyid /home/wwwroot/default/WebPiano/Application/Runtime/Cache/Admin/4e1f0ee1a12a8dbb63343fe9e6a3f60d.php 第 28 行.
INFO: Run Behavior\ParseTemplateBehavior [ RunTime:0.002749s ]
INFO: [ view_parse ] --END-- [ RunTime:0.002759s ]
INFO: [ view_filter ] --START--
INFO: Run Behavior\WriteHtmlCacheBehavior [ RunTime:0.000107s ]
INFO: [ view_filter ] --END-- [ RunTime:0.000115s ]
INFO: [ app_end ] --START--
INFO: Run Behavior\ShowPageTraceBehavior [ RunTime:0.000277s ]
INFO: [ app_end ] --END-- [ RunTime:0.000287s ]

[ 2020-05-26T17:34:19+08:00 ] 27.115.6.196 /WebPiano/admin.php?c=news
INFO: [ app_init ] --START--
INFO: Run Behavior\BuildLiteBehavior [ RunTime:0.000009s ]
INFO: [ app_init ] --END-- [ RunTime:0.000183s ]
INFO: [ app_begin ] --START--
INFO: Run Behavior\ReadHtmlCacheBehavior [ RunTime:0.000284s ]
INFO: [ app_begin ] --END-- [ RunTime:0.000306s ]
NOTIC: [8] Undefined index: p /home/wwwroot/default/WebPiano/Application/Admin/Controller/NewsController.class.php 第 15 行.
NOTIC: [8] Undefined index: pageSize /home/wwwroot/default/WebPiano/Application/Admin/Controller/NewsController.class.php 第 16 行.
SQL: SHOW COLUMNS FROM `wp_news` [ RunTime:0.0026s ]
SQL: SELECT * FROM `wp_news` WHERE `status` <> -1 ORDER BY news_id desc LIMIT 0,10   [ RunTime:0.0007s ]
SQL: SHOW COLUMNS FROM `wp_user` [ RunTime:0.0004s ]
SQL: SELECT * FROM `wp_user` WHERE ( user_id=10 ) LIMIT 1   [ RunTime:0.0002s ]
SQL: SELECT * FROM `wp_user` WHERE ( user_id=1 ) LIMIT 1   [ RunTime:0.0001s ]
SQL: SELECT * FROM `wp_user` WHERE ( user_id=1 ) LIMIT 1   [ RunTime:0.0001s ]
SQL: SELECT * FROM `wp_user` WHERE ( user_id=1 ) LIMIT 1   [ RunTime:0.0001s ]
SQL: SELECT * FROM `wp_user` WHERE ( user_id=1 ) LIMIT 1   [ RunTime:0.0001s ]
SQL: SELECT * FROM `wp_user` WHERE ( user_id=1 ) LIMIT 1   [ RunTime:0.0002s ]
SQL: SELECT * FROM `wp_user` WHERE ( user_id=1 ) LIMIT 1   [ RunTime:0.0001s ]
SQL: SELECT * FROM `wp_user` WHERE ( user_id=1 ) LIMIT 1   [ RunTime:0.0001s ]
SQL: SELECT * FROM `wp_user` WHERE ( user_id=1 ) LIMIT 1   [ RunTime:0.0001s ]
SQL: SELECT * FROM `wp_user` WHERE ( user_id=1 ) LIMIT 1   [ RunTime:0.0001s ]
SQL: SELECT COUNT(*) AS tp_count FROM `wp_news` WHERE `status` <> -1 LIMIT 1   [ RunTime:0.0003s ]
INFO: [ view_parse ] --START--
INFO: [ template_filter ] --START--
INFO: Run Behavior\ContentReplaceBehavior [ RunTime:0.000026s ]
INFO: [ template_filter ] --END-- [ RunTime:0.000043s ]
NOTIC: [8] Undefined variable: title /home/wwwroot/default/WebPiano/Application/Runtime/Cache/Admin/36087655c6ab8580337cdc45b35a926d.php 第 20 行.
INFO: Run Behavior\ParseTemplateBehavior [ RunTime:0.003371s ]
INFO: [ view_parse ] --END-- [ RunTime:0.003400s ]
INFO: [ view_filter ] --START--
INFO: Run Behavior\WriteHtmlCacheBehavior [ RunTime:0.000115s ]
INFO: [ view_filter ] --END-- [ RunTime:0.000124s ]
INFO: [ app_end ] --START--
INFO: Run Behavior\ShowPageTraceBehavior [ RunTime:0.000333s ]
INFO: [ app_end ] --END-- [ RunTime:0.000351s ]

[ 2020-05-26T17:34:19+08:00 ] 27.115.6.196 /WebPiano/admin.php?c=news&a=add
INFO: [ app_init ] --START--
INFO: Run Behavior\BuildLiteBehavior [ RunTime:0.000012s ]
INFO: [ app_init ] --END-- [ RunTime:0.000282s ]
INFO: [ app_begin ] --START--
INFO: Run Behavior\ReadHtmlCacheBehavior [ RunTime:0.000297s ]
INFO: [ app_begin ] --END-- [ RunTime:0.000319s ]
NOTIC: [8] Undefined index: id /home/wwwroot/default/WebPiano/Application/Admin/Controller/NewsController.class.php 第 66 行.
INFO: [ view_parse ] --START--
INFO: [ template_filter ] --START--
INFO: Run Behavior\ContentReplaceBehavior [ RunTime:0.000030s ]
INFO: [ template_filter ] --END-- [ RunTime:0.000059s ]
NOTIC: [8] Undefined variable: newsbyid /home/wwwroot/default/WebPiano/Application/Runtime/Cache/Admin/2dfc02e2d7eeff6052237f403f7435fe.php 第 19 行.
NOTIC: [8] Undefined variable: newsbyid /home/wwwroot/default/WebPiano/Application/Runtime/Cache/Admin/2dfc02e2d7eeff6052237f403f7435fe.php 第 20 行.
NOTIC: [8] Undefined variable: newsbyid /home/wwwroot/default/WebPiano/Application/Runtime/Cache/Admin/2dfc02e2d7eeff6052237f403f7435fe.php 第 22 行.
NOTIC: [8] Undefined variable: newsbyid /home/wwwroot/default/WebPiano/Application/Runtime/Cache/Admin/2dfc02e2d7eeff6052237f403f7435fe.php 第 22 行.
NOTIC: [8] Undefined variable: newsbyid /home/wwwroot/default/WebPiano/Application/Runtime/Cache/Admin/2dfc02e2d7eeff6052237f403f7435fe.php 第 23 行.
NOTIC: [8] Undefined variable: newsbyid /home/wwwroot/default/WebPiano/Application/Runtime/Cache/Admin/2dfc02e2d7eeff6052237f403f7435fe.php 第 24 行.
NOTIC: [8] Undefined variable: newsbyid /home/wwwroot/default/WebPiano/Application/Runtime/Cache/Admin/2dfc02e2d7eeff6052237f403f7435fe.php 第 26 行.
NOTIC: [8] Undefined variable: newsbyid /home/wwwroot/default/WebPiano/Application/Runtime/Cache/Admin/2dfc02e2d7eeff6052237f403f7435fe.php 第 27 行.
NOTIC: [8] Undefined variable: newsbyid /home/wwwroot/default/WebPiano/Application/Runtime/Cache/Admin/2dfc02e2d7eeff6052237f403f7435fe.php 第 30 行.
NOTIC: [8] Undefined variable: newsbyid /home/wwwroot/default/WebPiano/Application/Runtime/Cache/Admin/2dfc02e2d7eeff6052237f403f7435fe.php 第 31 行.
NOTIC: [8] Undefined variable: newsbyid /home/wwwroot/default/WebPiano/Application/Runtime/Cache/Admin/2dfc02e2d7eeff6052237f403f7435fe.php 第 34 行.
NOTIC: [8] Undefined variable: newsbyid /home/wwwroot/default/WebPiano/Application/Runtime/Cache/Admin/2dfc02e2d7eeff6052237f403f7435fe.php 第 35 行.
NOTIC: [8] Undefined variable: newsbyid /home/wwwroot/default/WebPiano/Application/Runtime/Cache/Admin/2dfc02e2d7eeff6052237f403f7435fe.php 第 37 行.
INFO: Run Behavior\ParseTemplateBehavior [ RunTime:0.003908s ]
INFO: [ view_parse ] --END-- [ RunTime:0.003927s ]
INFO: [ view_filter ] --START--
INFO: Run Behavior\WriteHtmlCacheBehavior [ RunTime:0.000247s ]
INFO: [ view_filter ] --END-- [ RunTime:0.000269s ]
INFO: [ app_end ] --START--
INFO: Run Behavior\ShowPageTraceBehavior [ RunTime:0.000518s ]
INFO: [ app_end ] --END-- [ RunTime:0.000539s ]

[ 2020-05-26T17:34:21+08:00 ] 27.115.6.196 /WebPiano/admin.php?c=news
INFO: [ app_init ] --START--
INFO: Run Behavior\BuildLiteBehavior [ RunTime:0.000009s ]
INFO: [ app_init ] --END-- [ RunTime:0.000210s ]
INFO: [ app_begin ] --START--
INFO: Run Behavior\ReadHtmlCacheBehavior [ RunTime:0.000284s ]
INFO: [ app_begin ] --END-- [ RunTime:0.000301s ]
NOTIC: [8] Undefined index: p /home/wwwroot/default/WebPiano/Application/Admin/Controller/NewsController.class.php 第 15 行.
NOTIC: [8] Undefined index: pageSize /home/wwwroot/default/WebPiano/Application/Admin/Controller/NewsController.class.php 第 16 行.
SQL: SHOW COLUMNS FROM `wp_news` [ RunTime:0.0005s ]
SQL: SELECT * FROM `wp_news` WHERE `status` <> -1 ORDER BY news_id desc LIMIT 0,10   [ RunTime:0.0056s ]
SQL: SHOW COLUMNS FROM `wp_user` [ RunTime:0.0014s ]
SQL: SELECT * FROM `wp_user` WHERE ( user_id=10 ) LIMIT 1   [ RunTime:0.0003s ]
SQL: SELECT * FROM `wp_user` WHERE ( user_id=1 ) LIMIT 1   [ RunTime:0.0002s ]
SQL: SELECT * FROM `wp_user` WHERE ( user_id=1 ) LIMIT 1   [ RunTime:0.0002s ]
SQL: SELECT * FROM `wp_user` WHERE ( user_id=1 ) LIMIT 1   [ RunTime:0.0015s ]
SQL: SELECT * FROM `wp_user` WHERE ( user_id=1 ) LIMIT 1   [ RunTime:0.0002s ]
SQL: SELECT * FROM `wp_user` WHERE ( user_id=1 ) LIMIT 1   [ RunTime:0.0002s ]
SQL: SELECT * FROM `wp_user` WHERE ( user_id=1 ) LIMIT 1   [ RunTime:0.0002s ]
SQL: SELECT * FROM `wp_user` WHERE ( user_id=1 ) LIMIT 1   [ RunTime:0.0002s ]
SQL: SELECT * FROM `wp_user` WHERE ( user_id=1 ) LIMIT 1   [ RunTime:0.0002s ]
SQL: SELECT * FROM `wp_user` WHERE ( user_id=1 ) LIMIT 1   [ RunTime:0.0002s ]
SQL: SELECT COUNT(*) AS tp_count FROM `wp_news` WHERE `status` <> -1 LIMIT 1   [ RunTime:0.0003s ]
INFO: [ view_parse ] --START--
INFO: [ template_filter ] --START--
INFO: Run Behavior\ContentReplaceBehavior [ RunTime:0.000032s ]
INFO: [ template_filter ] --END-- [ RunTime:0.000056s ]
NOTIC: [8] Undefined variable: title /home/wwwroot/default/WebPiano/Application/Runtime/Cache/Admin/36087655c6ab8580337cdc45b35a926d.php 第 20 行.
INFO: Run Behavior\ParseTemplateBehavior [ RunTime:0.003531s ]
INFO: [ view_parse ] --END-- [ RunTime:0.003548s ]
INFO: [ view_filter ] --START--
INFO: Run Behavior\WriteHtmlCacheBehavior [ RunTime:0.000119s ]
INFO: [ view_filter ] --END-- [ RunTime:0.000127s ]
INFO: [ app_end ] --START--
INFO: Run Behavior\ShowPageTraceBehavior [ RunTime:0.000394s ]
INFO: [ app_end ] --END-- [ RunTime:0.000409s ]

[ 2020-05-26T17:34:24+08:00 ] 27.115.6.196 /WebPiano/admin.php?c=comment
INFO: [ app_init ] --START--
INFO: Run Behavior\BuildLiteBehavior [ RunTime:0.000010s ]
INFO: [ app_init ] --END-- [ RunTime:0.000186s ]
INFO: [ app_begin ] --START--
INFO: Run Behavior\ReadHtmlCacheBehavior [ RunTime:0.000350s ]
INFO: [ app_begin ] --END-- [ RunTime:0.000379s ]
NOTIC: [8] Undefined index: p /home/wwwroot/default/WebPiano/Application/Admin/Controller/CommentController.class.php 第 15 行.
NOTIC: [8] Undefined index: pageSize /home/wwwroot/default/WebPiano/Application/Admin/Controller/CommentController.class.php 第 16 行.
SQL: SHOW COLUMNS FROM `wp_comment` [ RunTime:0.0017s ]
SQL: SELECT * FROM `wp_comment` WHERE `status` <> -1 ORDER BY comment_id desc LIMIT 0,10   [ RunTime:0.0003s ]
SQL: SHOW COLUMNS FROM `wp_news` [ RunTime:0.0004s ]
SQL: SELECT * FROM `wp_news` WHERE ( news_id=15 ) LIMIT 1   [ RunTime:0.0004s ]
SQL: SELECT * FROM `wp_news` WHERE ( news_id=14 ) LIMIT 1   [ RunTime:0.0011s ]
SQL: SELECT * FROM `wp_news` WHERE ( news_id=12 ) LIMIT 1   [ RunTime:0.0002s ]
SQL: SELECT COUNT(*) AS tp_count FROM `wp_comment` WHERE `status` <> -1 LIMIT 1   [ RunTime:0.0003s ]
INFO: [ view_parse ] --START--
INFO: [ template_filter ] --START--
INFO: Run Behavior\ContentReplaceBehavior [ RunTime:0.000025s ]
INFO: [ template_filter ] --END-- [ RunTime:0.000046s ]
NOTIC: [8] Undefined variable: content /home/wwwroot/default/WebPiano/Application/Runtime/Cache/Admin/9422665904e471006147a1d12ed26ddc.php 第 20 行.
INFO: Run Behavior\ParseTemplateBehavior [ RunTime:0.003350s ]
INFO: [ view_parse ] --END-- [ RunTime:0.003369s ]
INFO: [ view_filter ] --START--
INFO: Run Behavior\WriteHtmlCacheBehavior [ RunTime:0.000114s ]
INFO: [ view_filter ] --END-- [ RunTime:0.000124s ]
INFO: [ app_end ] --START--
INFO: Run Behavior\ShowPageTraceBehavior [ RunTime:0.000323s ]
INFO: [ app_end ] --END-- [ RunTime:0.000335s ]

[ 2020-05-26T17:34:25+08:00 ] 27.115.6.196 /WebPiano/admin.php?c=reply
INFO: [ app_init ] --START--
INFO: Run Behavior\BuildLiteBehavior [ RunTime:0.000009s ]
INFO: [ app_init ] --END-- [ RunTime:0.000187s ]
INFO: [ app_begin ] --START--
INFO: Run Behavior\ReadHtmlCacheBehavior [ RunTime:0.000254s ]
INFO: [ app_begin ] --END-- [ RunTime:0.000269s ]
NOTIC: [8] Undefined index: p /home/wwwroot/default/WebPiano/Application/Admin/Controller/ReplyController.class.php 第 15 行.
NOTIC: [8] Undefined index: pageSize /home/wwwroot/default/WebPiano/Application/Admin/Controller/ReplyController.class.php 第 16 行.
SQL: SHOW COLUMNS FROM `wp_reply` [ RunTime:0.0021s ]
SQL: SELECT * FROM `wp_reply` WHERE `status` <> -1 ORDER BY reply_id desc LIMIT 0,10   [ RunTime:0.0003s ]
SQL: SELECT COUNT(*) AS tp_count FROM `wp_reply` WHERE `status` <> -1 LIMIT 1   [ RunTime:0.0002s ]
INFO: [ view_parse ] --START--
INFO: [ template_filter ] --START--
INFO: Run Behavior\ContentReplaceBehavior [ RunTime:0.000026s ]
INFO: [ template_filter ] --END-- [ RunTime:0.000054s ]
NOTIC: [8] Undefined variable: content /home/wwwroot/default/WebPiano/Application/Runtime/Cache/Admin/31bc16b98e37d49b311547c94b22d82e.php 第 20 行.
INFO: Run Behavior\ParseTemplateBehavior [ RunTime:0.003390s ]
INFO: [ view_parse ] --END-- [ RunTime:0.003406s ]
INFO: [ view_filter ] --START--
INFO: Run Behavior\WriteHtmlCacheBehavior [ RunTime:0.000116s ]
INFO: [ view_filter ] --END-- [ RunTime:0.000124s ]
INFO: [ app_end ] --START--
INFO: Run Behavior\ShowPageTraceBehavior [ RunTime:0.000324s ]
INFO: [ app_end ] --END-- [ RunTime:0.000338s ]

[ 2020-05-26T17:34:26+08:00 ] 27.115.6.196 /WebPiano/admin.php?c=reply
INFO: [ app_init ] --START--
INFO: Run Behavior\BuildLiteBehavior [ RunTime:0.000009s ]
INFO: [ app_init ] --END-- [ RunTime:0.000180s ]
INFO: [ app_begin ] --START--
INFO: Run Behavior\ReadHtmlCacheBehavior [ RunTime:0.000269s ]
INFO: [ app_begin ] --END-- [ RunTime:0.000286s ]
NOTIC: [8] Undefined index: p /home/wwwroot/default/WebPiano/Application/Admin/Controller/ReplyController.class.php 第 15 行.
NOTIC: [8] Undefined index: pageSize /home/wwwroot/default/WebPiano/Application/Admin/Controller/ReplyController.class.php 第 16 行.
SQL: SHOW COLUMNS FROM `wp_reply` [ RunTime:0.0014s ]
SQL: SELECT * FROM `wp_reply` WHERE `status` <> -1 ORDER BY reply_id desc LIMIT 0,10   [ RunTime:0.0003s ]
SQL: SELECT COUNT(*) AS tp_count FROM `wp_reply` WHERE `status` <> -1 LIMIT 1   [ RunTime:0.0002s ]
INFO: [ view_parse ] --START--
INFO: [ template_filter ] --START--
INFO: Run Behavior\ContentReplaceBehavior [ RunTime:0.000024s ]
INFO: [ template_filter ] --END-- [ RunTime:0.000040s ]
NOTIC: [8] Undefined variable: content /home/wwwroot/default/WebPiano/Application/Runtime/Cache/Admin/31bc16b98e37d49b311547c94b22d82e.php 第 20 行.
INFO: Run Behavior\ParseTemplateBehavior [ RunTime:0.003525s ]
INFO: [ view_parse ] --END-- [ RunTime:0.003542s ]
INFO: [ view_filter ] --START--
INFO: Run Behavior\WriteHtmlCacheBehavior [ RunTime:0.000131s ]
INFO: [ view_filter ] --END-- [ RunTime:0.000141s ]
INFO: [ app_end ] --START--
INFO: Run Behavior\ShowPageTraceBehavior [ RunTime:0.000308s ]
INFO: [ app_end ] --END-- [ RunTime:0.000319s ]

[ 2020-05-26T17:34:27+08:00 ] 27.115.6.196 /WebPiano/admin.php?c=comment
INFO: [ app_init ] --START--
INFO: Run Behavior\BuildLiteBehavior [ RunTime:0.000009s ]
INFO: [ app_init ] --END-- [ RunTime:0.000202s ]
INFO: [ app_begin ] --START--
INFO: Run Behavior\ReadHtmlCacheBehavior [ RunTime:0.000315s ]
INFO: [ app_begin ] --END-- [ RunTime:0.000332s ]
NOTIC: [8] Undefined index: p /home/wwwroot/default/WebPiano/Application/Admin/Controller/CommentController.class.php 第 15 行.
NOTIC: [8] Undefined index: pageSize /home/wwwroot/default/WebPiano/Application/Admin/Controller/CommentController.class.php 第 16 行.
SQL: SHOW COLUMNS FROM `wp_comment` [ RunTime:0.0006s ]
SQL: SELECT * FROM `wp_comment` WHERE `status` <> -1 ORDER BY comment_id desc LIMIT 0,10   [ RunTime:0.0002s ]
SQL: SHOW COLUMNS FROM `wp_news` [ RunTime:0.0005s ]
SQL: SELECT * FROM `wp_news` WHERE ( news_id=15 ) LIMIT 1   [ RunTime:0.0002s ]
SQL: SELECT * FROM `wp_news` WHERE ( news_id=14 ) LIMIT 1   [ RunTime:0.0001s ]
SQL: SELECT * FROM `wp_news` WHERE ( news_id=12 ) LIMIT 1   [ RunTime:0.0003s ]
SQL: SELECT COUNT(*) AS tp_count FROM `wp_comment` WHERE `status` <> -1 LIMIT 1   [ RunTime:0.0019s ]
INFO: [ view_parse ] --START--
INFO: [ template_filter ] --START--
INFO: Run Behavior\ContentReplaceBehavior [ RunTime:0.000026s ]
INFO: [ template_filter ] --END-- [ RunTime:0.000047s ]
NOTIC: [8] Undefined variable: content /home/wwwroot/default/WebPiano/Application/Runtime/Cache/Admin/9422665904e471006147a1d12ed26ddc.php 第 20 行.
INFO: Run Behavior\ParseTemplateBehavior [ RunTime:0.003180s ]
INFO: [ view_parse ] --END-- [ RunTime:0.003196s ]
INFO: [ view_filter ] --START--
INFO: Run Behavior\WriteHtmlCacheBehavior [ RunTime:0.000185s ]
INFO: [ view_filter ] --END-- [ RunTime:0.000196s ]
INFO: [ app_end ] --START--
INFO: Run Behavior\ShowPageTraceBehavior [ RunTime:0.000366s ]
INFO: [ app_end ] --END-- [ RunTime:0.000378s ]

[ 2020-05-26T17:34:30+08:00 ] 27.115.6.196 /WebPiano/admin.php?c=opern
INFO: [ app_init ] --START--
INFO: Run Behavior\BuildLiteBehavior [ RunTime:0.000012s ]
INFO: [ app_init ] --END-- [ RunTime:0.000193s ]
INFO: [ app_begin ] --START--
INFO: Run Behavior\ReadHtmlCacheBehavior [ RunTime:0.000270s ]
INFO: [ app_begin ] --END-- [ RunTime:0.000287s ]
NOTIC: [8] Undefined index: p /home/wwwroot/default/WebPiano/Application/Admin/Controller/OpernController.class.php 第 15 行.
NOTIC: [8] Undefined index: pageSize /home/wwwroot/default/WebPiano/Application/Admin/Controller/OpernController.class.php 第 16 行.
SQL: SHOW COLUMNS FROM `wp_opern` [ RunTime:0.0006s ]
SQL: SELECT * FROM `wp_opern` WHERE `status` <> -1 ORDER BY create_time desc,opern_id desc LIMIT 0,10   [ RunTime:0.0003s ]
SQL: SELECT COUNT(*) AS tp_count FROM `wp_opern` WHERE `status` <> -1 LIMIT 1   [ RunTime:0.0002s ]
INFO: [ view_parse ] --START--
INFO: [ template_filter ] --START--
INFO: Run Behavior\ContentReplaceBehavior [ RunTime:0.000027s ]
INFO: [ template_filter ] --END-- [ RunTime:0.000041s ]
NOTIC: [8] Undefined variable: name /home/wwwroot/default/WebPiano/Application/Runtime/Cache/Admin/3da8b936f66b243336088c312f796f24.php 第 20 行.
INFO: Run Behavior\ParseTemplateBehavior [ RunTime:0.002920s ]
INFO: [ view_parse ] --END-- [ RunTime:0.002998s ]
INFO: [ view_filter ] --START--
INFO: Run Behavior\WriteHtmlCacheBehavior [ RunTime:0.000121s ]
INFO: [ view_filter ] --END-- [ RunTime:0.000130s ]
INFO: [ app_end ] --START--
INFO: Run Behavior\ShowPageTraceBehavior [ RunTime:0.000352s ]
INFO: [ app_end ] --END-- [ RunTime:0.000363s ]

[ 2020-05-26T17:34:31+08:00 ] 27.115.6.196 /WebPiano/admin.php?c=opern&a=add
INFO: [ app_init ] --START--
INFO: Run Behavior\BuildLiteBehavior [ RunTime:0.000008s ]
INFO: [ app_init ] --END-- [ RunTime:0.000177s ]
INFO: [ app_begin ] --START--
INFO: Run Behavior\ReadHtmlCacheBehavior [ RunTime:0.000342s ]
INFO: [ app_begin ] --END-- [ RunTime:0.000363s ]
NOTIC: [8] Undefined index: id /home/wwwroot/default/WebPiano/Application/Admin/Controller/OpernController.class.php 第 53 行.
INFO: [ view_parse ] --START--
INFO: [ template_filter ] --START--
INFO: Run Behavior\ContentReplaceBehavior [ RunTime:0.000022s ]
INFO: [ template_filter ] --END-- [ RunTime:0.000042s ]
NOTIC: [8] Undefined variable: opernbyid /home/wwwroot/default/WebPiano/Application/Runtime/Cache/Admin/67b29e2b51b634a2f5e3477e8fd0b332.php 第 19 行.
NOTIC: [8] Undefined variable: opernbyid /home/wwwroot/default/WebPiano/Application/Runtime/Cache/Admin/67b29e2b51b634a2f5e3477e8fd0b332.php 第 21 行.
NOTIC: [8] Undefined variable: opernbyid /home/wwwroot/default/WebPiano/Application/Runtime/Cache/Admin/67b29e2b51b634a2f5e3477e8fd0b332.php 第 21 行.
NOTIC: [8] Undefined variable: opernbyid /home/wwwroot/default/WebPiano/Application/Runtime/Cache/Admin/67b29e2b51b634a2f5e3477e8fd0b332.php 第 22 行.
NOTIC: [8] Undefined variable: opernbyid /home/wwwroot/default/WebPiano/Application/Runtime/Cache/Admin/67b29e2b51b634a2f5e3477e8fd0b332.php 第 24 行.
NOTIC: [8] Undefined variable: opernbyid /home/wwwroot/default/WebPiano/Application/Runtime/Cache/Admin/67b29e2b51b634a2f5e3477e8fd0b332.php 第 25 行.
NOTIC: [8] Undefined variable: opernbyid /home/wwwroot/default/WebPiano/Application/Runtime/Cache/Admin/67b29e2b51b634a2f5e3477e8fd0b332.php 第 27 行.
INFO: Run Behavior\ParseTemplateBehavior [ RunTime:0.002569s ]
INFO: [ view_parse ] --END-- [ RunTime:0.002581s ]
INFO: [ view_filter ] --START--
INFO: Run Behavior\WriteHtmlCacheBehavior [ RunTime:0.000109s ]
INFO: [ view_filter ] --END-- [ RunTime:0.000116s ]
INFO: [ app_end ] --START--
INFO: Run Behavior\ShowPageTraceBehavior [ RunTime:0.000315s ]
INFO: [ app_end ] --END-- [ RunTime:0.000326s ]

[ 2020-05-26T17:34:32+08:00 ] 27.115.6.196 /WebPiano/admin.php?c=collect
INFO: [ app_init ] --START--
INFO: Run Behavior\BuildLiteBehavior [ RunTime:0.000009s ]
INFO: [ app_init ] --END-- [ RunTime:0.000240s ]
INFO: [ app_begin ] --START--
INFO: Run Behavior\ReadHtmlCacheBehavior [ RunTime:0.000282s ]
INFO: [ app_begin ] --END-- [ RunTime:0.000298s ]
NOTIC: [8] Undefined index: p /home/wwwroot/default/WebPiano/Application/Admin/Controller/CollectController.class.php 第 11 行.
NOTIC: [8] Undefined index: pageSize /home/wwwroot/default/WebPiano/Application/Admin/Controller/CollectController.class.php 第 12 行.
SQL: SHOW COLUMNS FROM `wp_collect` [ RunTime:0.0023s ]
SQL: SELECT * FROM `wp_collect` WHERE `status` <> -1 ORDER BY collect_id desc LIMIT 0,10   [ RunTime:0.0012s ]
SQL: SELECT COUNT(*) AS tp_count FROM `wp_collect` WHERE `status` <> -1 LIMIT 1   [ RunTime:0.0002s ]
INFO: [ view_parse ] --START--
INFO: [ template_filter ] --START--
INFO: Run Behavior\ContentReplaceBehavior [ RunTime:0.000033s ]
INFO: [ template_filter ] --END-- [ RunTime:0.000059s ]
INFO: Run Behavior\ParseTemplateBehavior [ RunTime:0.003422s ]
INFO: [ view_parse ] --END-- [ RunTime:0.003443s ]
INFO: [ view_filter ] --START--
INFO: Run Behavior\WriteHtmlCacheBehavior [ RunTime:0.000150s ]
INFO: [ view_filter ] --END-- [ RunTime:0.000161s ]
INFO: [ app_end ] --START--
INFO: Run Behavior\ShowPageTraceBehavior [ RunTime:0.000387s ]
INFO: [ app_end ] --END-- [ RunTime:0.000402s ]

[ 2020-05-26T17:34:33+08:00 ] 27.115.6.196 /WebPiano/admin.php?c=music
INFO: [ app_init ] --START--
INFO: Run Behavior\BuildLiteBehavior [ RunTime:0.000008s ]
INFO: [ app_init ] --END-- [ RunTime:0.000185s ]
INFO: [ app_begin ] --START--
INFO: Run Behavior\ReadHtmlCacheBehavior [ RunTime:0.000300s ]
INFO: [ app_begin ] --END-- [ RunTime:0.000320s ]
NOTIC: [8] Undefined index: p /home/wwwroot/default/WebPiano/Application/Admin/Controller/MusicController.class.php 第 14 行.
NOTIC: [8] Undefined index: pageSize /home/wwwroot/default/WebPiano/Application/Admin/Controller/MusicController.class.php 第 15 行.
SQL: SHOW COLUMNS FROM `wp_music` [ RunTime:0.0006s ]
SQL: SELECT * FROM `wp_music` WHERE `status` <> -1 ORDER BY listorder desc,music_id desc LIMIT 0,10   [ RunTime:0.0003s ]
SQL: SELECT COUNT(*) AS tp_count FROM `wp_music` WHERE `status` <> -1 LIMIT 1   [ RunTime:0.0002s ]
INFO: [ view_parse ] --START--
INFO: [ template_filter ] --START--
INFO: Run Behavior\ContentReplaceBehavior [ RunTime:0.000030s ]
INFO: [ template_filter ] --END-- [ RunTime:0.000053s ]
NOTIC: [8] Undefined variable: name /home/wwwroot/default/WebPiano/Application/Runtime/Cache/Admin/7a3e64e04ad2ec10224610c507858ea2.php 第 20 行.
INFO: Run Behavior\ParseTemplateBehavior [ RunTime:0.003268s ]
INFO: [ view_parse ] --END-- [ RunTime:0.003284s ]
INFO: [ view_filter ] --START--
INFO: Run Behavior\WriteHtmlCacheBehavior [ RunTime:0.000169s ]
INFO: [ view_filter ] --END-- [ RunTime:0.000181s ]
INFO: [ app_end ] --START--
INFO: Run Behavior\ShowPageTraceBehavior [ RunTime:0.000309s ]
INFO: [ app_end ] --END-- [ RunTime:0.000323s ]

[ 2020-05-26T17:34:33+08:00 ] 27.115.6.196 /WebPiano/admin.php?c=music&a=add
INFO: [ app_init ] --START--
INFO: Run Behavior\BuildLiteBehavior [ RunTime:0.000008s ]
INFO: [ app_init ] --END-- [ RunTime:0.000175s ]
INFO: [ app_begin ] --START--
INFO: Run Behavior\ReadHtmlCacheBehavior [ RunTime:0.000284s ]
INFO: [ app_begin ] --END-- [ RunTime:0.000300s ]
NOTIC: [8] Undefined index: id /home/wwwroot/default/WebPiano/Application/Admin/Controller/MusicController.class.php 第 54 行.
INFO: [ view_parse ] --START--
INFO: [ template_filter ] --START--
INFO: Run Behavior\ContentReplaceBehavior [ RunTime:0.000021s ]
INFO: [ template_filter ] --END-- [ RunTime:0.000040s ]
NOTIC: [8] Undefined variable: musicbyid /home/wwwroot/default/WebPiano/Application/Runtime/Cache/Admin/35aa86945ec5432ba16f4dc9827fb840.php 第 19 行.
NOTIC: [8] Undefined variable: musicbyid /home/wwwroot/default/WebPiano/Application/Runtime/Cache/Admin/35aa86945ec5432ba16f4dc9827fb840.php 第 20 行.
NOTIC: [8] Undefined variable: musicbyid /home/wwwroot/default/WebPiano/Application/Runtime/Cache/Admin/35aa86945ec5432ba16f4dc9827fb840.php 第 22 行.
NOTIC: [8] Undefined variable: musicbyid /home/wwwroot/default/WebPiano/Application/Runtime/Cache/Admin/35aa86945ec5432ba16f4dc9827fb840.php 第 24 行.
NOTIC: [8] Undefined variable: musicbyid /home/wwwroot/default/WebPiano/Application/Runtime/Cache/Admin/35aa86945ec5432ba16f4dc9827fb840.php 第 25 行.
NOTIC: [8] Undefined variable: musicbyid /home/wwwroot/default/WebPiano/Application/Runtime/Cache/Admin/35aa86945ec5432ba16f4dc9827fb840.php 第 27 行.
INFO: Run Behavior\ParseTemplateBehavior [ RunTime:0.002816s ]
INFO: [ view_parse ] --END-- [ RunTime:0.002826s ]
INFO: [ view_filter ] --START--
INFO: Run Behavior\WriteHtmlCacheBehavior [ RunTime:0.000105s ]
INFO: [ view_filter ] --END-- [ RunTime:0.000113s ]
INFO: [ app_end ] --START--
INFO: Run Behavior\ShowPageTraceBehavior [ RunTime:0.000284s ]
INFO: [ app_end ] --END-- [ RunTime:0.000295s ]

[ 2020-05-26T17:34:34+08:00 ] 27.115.6.196 /WebPiano/admin.php?c=music
INFO: [ app_init ] --START--
INFO: Run Behavior\BuildLiteBehavior [ RunTime:0.000010s ]
INFO: [ app_init ] --END-- [ RunTime:0.000234s ]
INFO: [ app_begin ] --START--
INFO: Run Behavior\ReadHtmlCacheBehavior [ RunTime:0.000426s ]
INFO: [ app_begin ] --END-- [ RunTime:0.000448s ]
NOTIC: [8] Undefined index: p /home/wwwroot/default/WebPiano/Application/Admin/Controller/MusicController.class.php 第 14 行.
NOTIC: [8] Undefined index: pageSize /home/wwwroot/default/WebPiano/Application/Admin/Controller/MusicController.class.php 第 15 行.
SQL: SHOW COLUMNS FROM `wp_music` [ RunTime:0.0006s ]
SQL: SELECT * FROM `wp_music` WHERE `status` <> -1 ORDER BY listorder desc,music_id desc LIMIT 0,10   [ RunTime:0.0003s ]
SQL: SELECT COUNT(*) AS tp_count FROM `wp_music` WHERE `status` <> -1 LIMIT 1   [ RunTime:0.0002s ]
INFO: [ view_parse ] --START--
INFO: [ template_filter ] --START--
INFO: Run Behavior\ContentReplaceBehavior [ RunTime:0.000025s ]
INFO: [ template_filter ] --END-- [ RunTime:0.000041s ]
NOTIC: [8] Undefined variable: name /home/wwwroot/default/WebPiano/Application/Runtime/Cache/Admin/7a3e64e04ad2ec10224610c507858ea2.php 第 20 行.
INFO: Run Behavior\ParseTemplateBehavior [ RunTime:0.003152s ]
INFO: [ view_parse ] --END-- [ RunTime:0.003166s ]
INFO: [ view_filter ] --START--
INFO: Run Behavior\WriteHtmlCacheBehavior [ RunTime:0.000113s ]
INFO: [ view_filter ] --END-- [ RunTime:0.000121s ]
INFO: [ app_end ] --START--
INFO: Run Behavior\ShowPageTraceBehavior [ RunTime:0.000324s ]
INFO: [ app_end ] --END-- [ RunTime:0.000336s ]

[ 2020-05-26T17:34:36+08:00 ] 27.115.6.196 /WebPiano/admin.php?c=user
INFO: [ app_init ] --START--
INFO: Run Behavior\BuildLiteBehavior [ RunTime:0.000008s ]
INFO: [ app_init ] --END-- [ RunTime:0.000176s ]
INFO: [ app_begin ] --START--
INFO: Run Behavior\ReadHtmlCacheBehavior [ RunTime:0.000285s ]
INFO: [ app_begin ] --END-- [ RunTime:0.000303s ]
NOTIC: [8] Undefined index: p /home/wwwroot/default/WebPiano/Application/Admin/Controller/UserController.class.php 第 15 行.
NOTIC: [8] Undefined index: pageSize /home/wwwroot/default/WebPiano/Application/Admin/Controller/UserController.class.php 第 16 行.
SQL: SHOW COLUMNS FROM `wp_user` [ RunTime:0.0005s ]
SQL: SELECT * FROM `wp_user` WHERE `status` <> -1 ORDER BY user_id desc LIMIT 0,10   [ RunTime:0.0003s ]
SQL: SELECT COUNT(*) AS tp_count FROM `wp_user` WHERE `status` <> -1 LIMIT 1   [ RunTime:0.0002s ]
INFO: [ view_parse ] --START--
INFO: [ template_filter ] --START--
INFO: Run Behavior\ContentReplaceBehavior [ RunTime:0.000026s ]
INFO: [ template_filter ] --END-- [ RunTime:0.000044s ]
NOTIC: [8] Undefined variable: username /home/wwwroot/default/WebPiano/Application/Runtime/Cache/Admin/65e605872ed5d34210f5b33beb13f5a3.php 第 20 行.
INFO: Run Behavior\ParseTemplateBehavior [ RunTime:0.003145s ]
INFO: [ view_parse ] --END-- [ RunTime:0.003166s ]
INFO: [ view_filter ] --START--
INFO: Run Behavior\WriteHtmlCacheBehavior [ RunTime:0.000128s ]
INFO: [ view_filter ] --END-- [ RunTime:0.000137s ]
INFO: [ app_end ] --START--
INFO: Run Behavior\ShowPageTraceBehavior [ RunTime:0.000323s ]
INFO: [ app_end ] --END-- [ RunTime:0.000334s ]

[ 2020-05-26T17:34:37+08:00 ] 27.115.6.196 /WebPiano/admin.php?c=user&a=add&id=15
INFO: [ app_init ] --START--
INFO: Run Behavior\BuildLiteBehavior [ RunTime:0.000008s ]
INFO: [ app_init ] --END-- [ RunTime:0.000192s ]
INFO: [ app_begin ] --START--
INFO: Run Behavior\ReadHtmlCacheBehavior [ RunTime:0.000314s ]
INFO: [ app_begin ] --END-- [ RunTime:0.000333s ]
SQL: SHOW COLUMNS FROM `wp_user` [ RunTime:0.0005s ]
SQL: SELECT * FROM `wp_user` WHERE ( user_id=15 ) LIMIT 1   [ RunTime:0.0003s ]
INFO: [ view_parse ] --START--
INFO: [ template_filter ] --START--
INFO: Run Behavior\ContentReplaceBehavior [ RunTime:0.000022s ]
INFO: [ template_filter ] --END-- [ RunTime:0.000040s ]
INFO: Run Behavior\ParseTemplateBehavior [ RunTime:0.002896s ]
INFO: [ view_parse ] --END-- [ RunTime:0.002915s ]
INFO: [ view_filter ] --START--
INFO: Run Behavior\WriteHtmlCacheBehavior [ RunTime:0.000113s ]
INFO: [ view_filter ] --END-- [ RunTime:0.000122s ]
INFO: [ app_end ] --START--
INFO: Run Behavior\ShowPageTraceBehavior [ RunTime:0.000344s ]
INFO: [ app_end ] --END-- [ RunTime:0.000357s ]

[ 2020-05-26T17:34:44+08:00 ] 27.115.6.196 /WebPiano/admin.php?c=user&a=add&id=15
INFO: [ app_init ] --START--
INFO: Run Behavior\BuildLiteBehavior [ RunTime:0.000010s ]
INFO: [ app_init ] --END-- [ RunTime:0.000184s ]
INFO: [ app_begin ] --START--
INFO: Run Behavior\ReadHtmlCacheBehavior [ RunTime:0.000296s ]
INFO: [ app_begin ] --END-- [ RunTime:0.000314s ]
SQL: SHOW COLUMNS FROM `wp_user` [ RunTime:0.0007s ]
ERR: 1062:Duplicate entry '' for key 'email'
 [ SQL语句 ] : UPDATE `wp_user` SET `username`='1907741096',`password`='92020808cb31d0335ba7029677aeb5c9',`name`='Pianoer15',`email`='',`status`='1' WHERE ( user_id=15 )
ERR: 1062:Duplicate entry '' for key 'email'
 [ SQL语句 ] : UPDATE `wp_user` SET `username`='1907741096',`password`='92020808cb31d0335ba7029677aeb5c9',`name`='Pianoer15',`email`='',`status`='1' WHERE ( user_id=15 )

[ 2020-05-26T17:34:48+08:00 ] 27.115.6.196 /WebPiano/admin.php?c=user&a=add&id=15
INFO: [ app_init ] --START--
INFO: Run Behavior\BuildLiteBehavior [ RunTime:0.000012s ]
INFO: [ app_init ] --END-- [ RunTime:0.000274s ]
INFO: [ app_begin ] --START--
INFO: Run Behavior\ReadHtmlCacheBehavior [ RunTime:0.000353s ]
INFO: [ app_begin ] --END-- [ RunTime:0.000407s ]
SQL: SHOW COLUMNS FROM `wp_user` [ RunTime:0.0006s ]
ERR: 1062:Duplicate entry '' for key 'email'
 [ SQL语句 ] : UPDATE `wp_user` SET `username`='1907741096',`password`='92020808cb31d0335ba7029677aeb5c9',`name`='Pianoer15',`email`='',`status`='1' WHERE ( user_id=15 )
ERR: 1062:Duplicate entry '' for key 'email'
 [ SQL语句 ] : UPDATE `wp_user` SET `username`='1907741096',`password`='92020808cb31d0335ba7029677aeb5c9',`name`='Pianoer15',`email`='',`status`='1' WHERE ( user_id=15 )

[ 2020-05-26T17:35:02+08:00 ] 27.115.6.196 /WebPiano/admin.php?c=user&a=add&id=15
INFO: [ app_init ] --START--
INFO: Run Behavior\BuildLiteBehavior [ RunTime:0.000009s ]
INFO: [ app_init ] --END-- [ RunTime:0.000182s ]
INFO: [ app_begin ] --START--
INFO: Run Behavior\ReadHtmlCacheBehavior [ RunTime:0.000268s ]
INFO: [ app_begin ] --END-- [ RunTime:0.000284s ]
SQL: SHOW COLUMNS FROM `wp_user` [ RunTime:0.0024s ]
SQL: UPDATE `wp_user` SET `username`='1907741096',`password`='92020808cb31d0335ba7029677aeb5c9',`name`='Pianoer15',`email`='1907741096@qq.com',`status`='1' WHERE ( user_id=15 ) [ RunTime:0.0025s ]

[ 2020-05-26T17:35:03+08:00 ] 27.115.6.196 /WebPiano/admin.php?c=user
INFO: [ app_init ] --START--
INFO: Run Behavior\BuildLiteBehavior [ RunTime:0.000024s ]
INFO: [ app_init ] --END-- [ RunTime:0.000223s ]
INFO: [ app_begin ] --START--
INFO: Run Behavior\ReadHtmlCacheBehavior [ RunTime:0.000292s ]
INFO: [ app_begin ] --END-- [ RunTime:0.000308s ]
NOTIC: [8] Undefined index: p /home/wwwroot/default/WebPiano/Application/Admin/Controller/UserController.class.php 第 15 行.
NOTIC: [8] Undefined index: pageSize /home/wwwroot/default/WebPiano/Application/Admin/Controller/UserController.class.php 第 16 行.
SQL: SHOW COLUMNS FROM `wp_user` [ RunTime:0.0006s ]
SQL: SELECT * FROM `wp_user` WHERE `status` <> -1 ORDER BY user_id desc LIMIT 0,10   [ RunTime:0.0003s ]
SQL: SELECT COUNT(*) AS tp_count FROM `wp_user` WHERE `status` <> -1 LIMIT 1   [ RunTime:0.0002s ]
INFO: [ view_parse ] --START--
INFO: [ template_filter ] --START--
INFO: Run Behavior\ContentReplaceBehavior [ RunTime:0.000029s ]
INFO: [ template_filter ] --END-- [ RunTime:0.000048s ]
NOTIC: [8] Undefined variable: username /home/wwwroot/default/WebPiano/Application/Runtime/Cache/Admin/65e605872ed5d34210f5b33beb13f5a3.php 第 20 行.
INFO: Run Behavior\ParseTemplateBehavior [ RunTime:0.003293s ]
INFO: [ view_parse ] --END-- [ RunTime:0.003316s ]
INFO: [ view_filter ] --START--
INFO: Run Behavior\WriteHtmlCacheBehavior [ RunTime:0.000183s ]
INFO: [ view_filter ] --END-- [ RunTime:0.000200s ]
INFO: [ app_end ] --START--
INFO: Run Behavior\ShowPageTraceBehavior [ RunTime:0.000453s ]
INFO: [ app_end ] --END-- [ RunTime:0.000471s ]

[ 2020-05-26T17:35:06+08:00 ] 27.115.6.196 /WebPiano/admin.php?c=user&a=add&id=15
INFO: [ app_init ] --START--
INFO: Run Behavior\BuildLiteBehavior [ RunTime:0.000008s ]
INFO: [ app_init ] --END-- [ RunTime:0.000193s ]
INFO: [ app_begin ] --START--
INFO: Run Behavior\ReadHtmlCacheBehavior [ RunTime:0.000247s ]
INFO: [ app_begin ] --END-- [ RunTime:0.000263s ]
SQL: SHOW COLUMNS FROM `wp_user` [ RunTime:0.0025s ]
SQL: SELECT * FROM `wp_user` WHERE ( user_id=15 ) LIMIT 1   [ RunTime:0.0003s ]
INFO: [ view_parse ] --START--
INFO: [ template_filter ] --START--
INFO: Run Behavior\ContentReplaceBehavior [ RunTime:0.000043s ]
INFO: [ template_filter ] --END-- [ RunTime:0.000069s ]
INFO: Run Behavior\ParseTemplateBehavior [ RunTime:0.003533s ]
INFO: [ view_parse ] --END-- [ RunTime:0.003570s ]
INFO: [ view_filter ] --START--
INFO: Run Behavior\WriteHtmlCacheBehavior [ RunTime:0.000143s ]
INFO: [ view_filter ] --END-- [ RunTime:0.000155s ]
INFO: [ app_end ] --START--
INFO: Run Behavior\ShowPageTraceBehavior [ RunTime:0.000321s ]
INFO: [ app_end ] --END-- [ RunTime:0.000334s ]

[ 2020-05-26T17:35:10+08:00 ] 27.115.6.196 /WebPiano/admin.php?c=user
INFO: [ app_init ] --START--
INFO: Run Behavior\BuildLiteBehavior [ RunTime:0.000009s ]
INFO: [ app_init ] --END-- [ RunTime:0.000189s ]
INFO: [ app_begin ] --START--
INFO: Run Behavior\ReadHtmlCacheBehavior [ RunTime:0.000262s ]
INFO: [ app_begin ] --END-- [ RunTime:0.000279s ]
NOTIC: [8] Undefined index: p /home/wwwroot/default/WebPiano/Application/Admin/Controller/UserController.class.php 第 15 行.
NOTIC: [8] Undefined index: pageSize /home/wwwroot/default/WebPiano/Application/Admin/Controller/UserController.class.php 第 16 行.
SQL: SHOW COLUMNS FROM `wp_user` [ RunTime:0.0005s ]
SQL: SELECT * FROM `wp_user` WHERE `status` <> -1 ORDER BY user_id desc LIMIT 0,10   [ RunTime:0.0003s ]
SQL: SELECT COUNT(*) AS tp_count FROM `wp_user` WHERE `status` <> -1 LIMIT 1   [ RunTime:0.0002s ]
INFO: [ view_parse ] --START--
INFO: [ template_filter ] --START--
INFO: Run Behavior\ContentReplaceBehavior [ RunTime:0.000024s ]
INFO: [ template_filter ] --END-- [ RunTime:0.000042s ]
NOTIC: [8] Undefined variable: username /home/wwwroot/default/WebPiano/Application/Runtime/Cache/Admin/65e605872ed5d34210f5b33beb13f5a3.php 第 20 行.
INFO: Run Behavior\ParseTemplateBehavior [ RunTime:0.003019s ]
INFO: [ view_parse ] --END-- [ RunTime:0.003041s ]
INFO: [ view_filter ] --START--
INFO: Run Behavior\WriteHtmlCacheBehavior [ RunTime:0.000125s ]
INFO: [ view_filter ] --END-- [ RunTime:0.000136s ]
INFO: [ app_end ] --START--
INFO: Run Behavior\ShowPageTraceBehavior [ RunTime:0.000326s ]
INFO: [ app_end ] --END-- [ RunTime:0.000337s ]

